TN:
SF:src\config\nodemailer.ts
FN:6,(anonymous_1)
FNF:1
FNH:1
FNDA:1,(anonymous_1)
DA:1,1
DA:2,1
DA:4,1
DA:6,1
DA:7,1
DA:17,1
LF:6
LH:6
BRF:0
BRH:0
end_of_record
TN:
SF:src\controllers\AuthController.ts
FN:10,(anonymous_1)
FN:39,(anonymous_2)
FN:55,(anonymous_3)
FN:84,(anonymous_4)
FN:104,(anonymous_5)
FN:115,(anonymous_6)
FN:132,(anonymous_7)
FN:136,(anonymous_8)
FN:154,(anonymous_9)
FNF:9
FNH:2
FNDA:2,(anonymous_1)
FNDA:0,(anonymous_2)
FNDA:4,(anonymous_3)
FNDA:0,(anonymous_4)
FNDA:0,(anonymous_5)
FNDA:0,(anonymous_6)
FNDA:0,(anonymous_7)
FNDA:0,(anonymous_8)
FNDA:0,(anonymous_9)
DA:2,1
DA:3,1
DA:4,1
DA:5,1
DA:6,1
DA:7,1
DA:9,1
DA:10,1
DA:12,2
DA:15,2
DA:16,2
DA:17,1
DA:18,1
DA:21,1
DA:22,1
DA:23,1
DA:24,1
DA:25,1
DA:27,1
DA:32,1
DA:34,0
DA:35,0
DA:39,1
DA:41,0
DA:43,0
DA:44,0
DA:45,0
DA:48,0
DA:49,0
DA:50,0
DA:52,0
DA:55,1
DA:56,4
DA:59,4
DA:60,4
DA:61,1
DA:65,3
DA:66,1
DA:71,2
DA:72,2
DA:73,1
DA:78,1
DA:79,1
DA:84,1
DA:85,0
DA:87,0
DA:88,0
DA:89,0
DA:92,0
DA:93,0
DA:95,0
DA:101,0
DA:104,1
DA:105,0
DA:107,0
DA:108,0
DA:109,0
DA:112,0
DA:115,1
DA:117,0
DA:118,0
DA:120,0
DA:121,0
DA:122,0
DA:125,0
DA:126,0
DA:127,0
DA:129,0
DA:132,1
DA:133,0
DA:136,1
DA:137,0
DA:138,0
DA:140,0
DA:142,0
DA:144,0
DA:145,0
DA:148,0
DA:149,0
DA:151,0
DA:154,1
DA:155,0
DA:156,0
DA:158,0
DA:159,0
DA:161,0
DA:162,0
DA:164,0
LF:88
LH:39
BRDA:16,0,0,1
BRDA:44,1,0,0
BRDA:60,2,0,1
BRDA:65,3,0,1
BRDA:72,4,0,1
BRDA:88,5,0,0
BRDA:108,6,0,0
BRDA:121,7,0,0
BRDA:144,8,0,0
BRDA:161,9,0,0
BRF:10
BRH:4
end_of_record
TN:
SF:src\controllers\BudgetController.ts
FN:7,(anonymous_1)
FN:22,(anonymous_2)
FN:34,(anonymous_3)
FN:47,(anonymous_4)
FN:52,(anonymous_5)
FNF:5
FNH:5
FNDA:4,(anonymous_1)
FNDA:2,(anonymous_2)
FNDA:3,(anonymous_3)
FNDA:1,(anonymous_4)
FNDA:1,(anonymous_5)
DA:2,1
DA:3,1
DA:6,1
DA:7,1
DA:8,4
DA:9,4
DA:14,3
DA:17,1
DA:22,1
DA:23,2
DA:24,2
DA:25,1
DA:26,1
DA:27,1
DA:30,1
DA:34,1
DA:35,3
DA:37,3
DA:40,3
DA:43,0
DA:47,1
DA:48,1
DA:49,1
DA:52,1
DA:53,1
DA:54,1
LF:26
LH:25
BRF:0
BRH:0
end_of_record
TN:
SF:src\controllers\ExpenseController.ts
FN:6,(anonymous_1)
FN:19,(anonymous_2)
FN:23,(anonymous_3)
FN:28,(anonymous_4)
FNF:4
FNH:4
FNDA:2,(anonymous_1)
FNDA:1,(anonymous_2)
FNDA:1,(anonymous_3)
FNDA:1,(anonymous_4)
DA:2,1
DA:4,1
DA:6,1
DA:8,2
DA:9,2
DA:10,1
DA:11,1
DA:12,1
DA:15,1
DA:19,1
DA:20,1
DA:23,1
DA:24,1
DA:25,1
DA:28,1
DA:29,1
DA:30,1
LF:17
LH:17
BRF:0
BRH:0
end_of_record
TN:
SF:src\emails\AuthEmail.ts
FN:10,(anonymous_0)
FN:27,(anonymous_1)
FNF:2
FNH:0
FNDA:0,(anonymous_0)
FNDA:0,(anonymous_1)
DA:1,1
DA:9,1
DA:10,1
DA:11,0
DA:27,1
DA:28,0
LF:6
LH:4
BRF:0
BRH:0
end_of_record
TN:
SF:src\middleware\budget.ts
FN:15,(anonymous_1)
FN:19,(anonymous_2)
FN:29,(anonymous_3)
FN:45,(anonymous_4)
FN:54,(anonymous_5)
FN:59,hasAccess
FNF:6
FNH:2
FNDA:0,(anonymous_1)
FNDA:0,(anonymous_2)
FNDA:3,(anonymous_3)
FNDA:0,(anonymous_4)
FNDA:0,(anonymous_5)
FNDA:3,hasAccess
DA:2,2
DA:3,2
DA:15,2
DA:17,0
DA:19,0
DA:22,0
DA:23,0
DA:24,0
DA:26,0
DA:29,2
DA:30,3
DA:31,3
DA:32,3
DA:34,2
DA:35,1
DA:36,1
DA:38,1
DA:39,1
DA:41,1
DA:45,2
DA:47,0
DA:51,0
DA:54,0
DA:56,0
DA:59,2
DA:60,3
DA:61,2
DA:63,1
LF:28
LH:18
BRDA:23,0,0,0
BRDA:34,1,0,1
BRDA:60,2,0,2
BRF:3
BRH:2
end_of_record
TN:
SF:src\middleware\expense.ts
FN:14,(anonymous_1)
FN:22,(anonymous_2)
FN:27,(anonymous_3)
FN:30,(anonymous_4)
FN:40,(anonymous_5)
FNF:5
FNH:1
FNDA:0,(anonymous_1)
FNDA:0,(anonymous_2)
FNDA:0,(anonymous_3)
FNDA:0,(anonymous_4)
FNDA:3,(anonymous_5)
DA:2,1
DA:3,1
DA:14,1
DA:15,0
DA:19,0
DA:22,0
DA:24,0
DA:27,1
DA:28,0
DA:30,0
DA:33,0
DA:34,0
DA:35,0
DA:37,0
DA:40,1
DA:41,3
DA:42,3
DA:43,3
DA:44,2
DA:45,1
DA:46,1
DA:48,1
DA:49,1
DA:52,1
LF:24
LH:14
BRDA:34,0,0,0
BRDA:44,1,0,1
BRF:2
BRH:1
end_of_record
TN:
SF:src\models\Budget.ts
FN:23,(anonymous_3)
FN:30,(anonymous_4)
FN:33,(anonymous_5)
FNF:3
FNH:0
FNDA:0,(anonymous_3)
FNDA:0,(anonymous_4)
FNDA:0,(anonymous_5)
DA:1,2
DA:2,2
DA:3,2
DA:9,2
DA:14,2
DA:20,2
DA:23,0
DA:27,2
DA:30,0
DA:31,2
DA:33,0
DA:34,2
DA:38,2
LF:13
LH:10
BRF:0
BRH:0
end_of_record
TN:
SF:src\models\Expense.ts
FN:23,(anonymous_3)
FN:26,(anonymous_4)
FNF:2
FNH:0
FNDA:0,(anonymous_3)
FNDA:0,(anonymous_4)
DA:1,2
DA:2,2
DA:9,2
DA:15,2
DA:21,2
DA:23,0
DA:24,2
DA:26,0
DA:27,2
DA:31,2
LF:10
LH:8
BRF:0
BRH:0
end_of_record
TN:
SF:src\models\User.ts
FN:41,(anonymous_3)
FNF:1
FNH:0
FNDA:0,(anonymous_3)
DA:1,2
DA:2,2
DA:9,2
DA:14,2
DA:20,2
DA:27,2
DA:32,2
DA:38,2
DA:41,0
DA:45,2
DA:49,2
LF:11
LH:10
BRF:0
BRH:0
end_of_record
TN:
SF:src\tests\mocks\budget.ts
FNF:0
FNH:0
DA:1,3
LF:1
LH:1
BRF:0
BRH:0
end_of_record
TN:
SF:src\tests\mocks\expenses.ts
FNF:0
FNH:0
DA:1,2
LF:1
LH:1
BRF:0
BRH:0
end_of_record
TN:
SF:src\utils\auth.ts
FN:3,(anonymous_1)
FN:8,(anonymous_2)
FNF:2
FNH:0
FNDA:0,(anonymous_1)
FNDA:0,(anonymous_2)
DA:1,1
DA:3,1
DA:4,0
DA:5,0
DA:8,1
DA:9,0
LF:6
LH:3
BRF:0
BRH:0
end_of_record
TN:
SF:src\utils\jwt.ts
FN:3,(anonymous_1)
FNF:1
FNH:0
FNDA:0,(anonymous_1)
DA:1,1
DA:3,1
DA:4,0
DA:7,0
LF:4
LH:2
BRF:0
BRH:0
end_of_record
TN:
SF:src\utils\token.ts
FN:1,(anonymous_0)
FNF:1
FNH:0
FNDA:0,(anonymous_0)
DA:1,1
LF:1
LH:1
BRF:0
BRH:0
end_of_record
